<?xml version="1.0" encoding="UTF-8"?>
<coverage generated="1725115545596" clover="3.2.0">
  <project timestamp="1725115545596" name="All files">
    <metrics statements="19" coveredstatements="19" conditionals="9" coveredconditionals="9" methods="4" coveredmethods="4" elements="32" coveredelements="32" complexity="0" loc="19" ncloc="19" packages="1" files="1" classes="1"/>
    <file name="userService.ts" path="C:\Users\Axel Félix\Desktop\Ej 3 - Pruebas de Software\Ejercicio-3-Pruebas-de-software\userService.ts">
      <metrics statements="19" coveredstatements="19" conditionals="9" coveredconditionals="9" methods="4" coveredmethods="4"/>
      <line num="7" count="1" type="stmt"/>
      <line num="8" count="1" type="stmt"/>
      <line num="9" count="8" type="cond" truecount="3" falsecount="0"/>
      <line num="10" count="2" type="stmt"/>
      <line num="12" count="6" type="cond" truecount="1" falsecount="0"/>
      <line num="13" count="1" type="stmt"/>
      <line num="15" count="5" type="stmt"/>
      <line num="17" count="1" type="stmt"/>
      <line num="19" count="6" type="stmt"/>
      <line num="20" count="6" type="cond" truecount="3" falsecount="0"/>
      <line num="21" count="3" type="stmt"/>
      <line num="23" count="3" type="cond" truecount="1" falsecount="0"/>
      <line num="24" count="1" type="stmt"/>
      <line num="26" count="2" type="stmt"/>
      <line num="28" count="1" type="stmt"/>
      <line num="29" count="3" type="cond" truecount="1" falsecount="0"/>
      <line num="30" count="1" type="stmt"/>
      <line num="33" count="1" type="stmt"/>
      <line num="34" count="8" type="stmt"/>
    </file>
  </project>
</coverage>
