{"C:\\Users\\Axel Félix\\Desktop\\Ej 3 - Pruebas de Software\\Ejercicio-3-Pruebas-de-software\\userService.ts": {"path":"C:\\Users\\Axel Félix\\Desktop\\Ej 3 - Pruebas de Software\\Ejercicio-3-Pruebas-de-software\\userService.ts","statementMap":{"0":{"start":{"line":8,"column":3},"end":{"line":8,"column":19}},"1":{"start":{"line":17,"column":3},"end":{"line":17,"column":19}},"2":{"start":{"line":28,"column":3},"end":{"line":28,"column":19}},"3":{"start":{"line":33,"column":3},"end":{"line":33,"column":19}},"4":{"start":{"line":7,"column":37},"end":{"line":7,"column":39}},"5":{"start":{"line":9,"column":4},"end":{"line":11,"column":5}},"6":{"start":{"line":10,"column":4},"end":{"line":10,"column":58}},"7":{"start":{"line":12,"column":4},"end":{"line":14,"column":5}},"8":{"start":{"line":13,"column":4},"end":{"line":13,"column":43}},"9":{"start":{"line":15,"column":4},"end":{"line":15,"column":63}},"10":{"start":{"line":19,"column":17},"end":{"line":19,"column":32}},"11":{"start":{"line":20,"column":4},"end":{"line":22,"column":5}},"12":{"start":{"line":21,"column":4},"end":{"line":21,"column":17}},"13":{"start":{"line":23,"column":4},"end":{"line":25,"column":5}},"14":{"start":{"line":24,"column":4},"end":{"line":24,"column":17}},"15":{"start":{"line":26,"column":4},"end":{"line":26,"column":16}},"16":{"start":{"line":29,"column":4},"end":{"line":31,"column":5}},"17":{"start":{"line":30,"column":4},"end":{"line":30,"column":37}},"18":{"start":{"line":34,"column":4},"end":{"line":34,"column":15}}},"fnMap":{"0":{"name":"register","decl":{"start":{"line":8,"column":19},"end":{"line":8,"column":27}},"loc":{"start":{"line":8,"column":62},"end":{"line":16,"column":4}}},"1":{"name":"authenticate","decl":{"start":{"line":17,"column":19},"end":{"line":17,"column":31}},"loc":{"start":{"line":17,"column":66},"end":{"line":27,"column":4}}},"2":{"name":"blockUser","decl":{"start":{"line":28,"column":19},"end":{"line":28,"column":28}},"loc":{"start":{"line":28,"column":45},"end":{"line":32,"column":4}}},"3":{"name":"reset","decl":{"start":{"line":33,"column":19},"end":{"line":33,"column":24}},"loc":{"start":{"line":33,"column":24},"end":{"line":35,"column":4}}}},"branchMap":{"0":{"loc":{"start":{"line":9,"column":4},"end":{"line":11,"column":5}},"type":"if","locations":[{"start":{"line":9,"column":4},"end":{"line":11,"column":5}}]},"1":{"loc":{"start":{"line":9,"column":8},"end":{"line":9,"column":30}},"type":"binary-expr","locations":[{"start":{"line":9,"column":8},"end":{"line":9,"column":17}},{"start":{"line":9,"column":21},"end":{"line":9,"column":30}}]},"2":{"loc":{"start":{"line":12,"column":4},"end":{"line":14,"column":5}},"type":"if","locations":[{"start":{"line":12,"column":4},"end":{"line":14,"column":5}}]},"3":{"loc":{"start":{"line":20,"column":4},"end":{"line":22,"column":5}},"type":"if","locations":[{"start":{"line":20,"column":4},"end":{"line":22,"column":5}}]},"4":{"loc":{"start":{"line":20,"column":8},"end":{"line":20,"column":31}},"type":"binary-expr","locations":[{"start":{"line":20,"column":8},"end":{"line":20,"column":13}},{"start":{"line":20,"column":17},"end":{"line":20,"column":31}}]},"5":{"loc":{"start":{"line":23,"column":4},"end":{"line":25,"column":5}},"type":"if","locations":[{"start":{"line":23,"column":4},"end":{"line":25,"column":5}}]},"6":{"loc":{"start":{"line":29,"column":4},"end":{"line":31,"column":5}},"type":"if","locations":[{"start":{"line":29,"column":4},"end":{"line":31,"column":5}}]}},"s":{"0":1,"1":1,"2":1,"3":1,"4":1,"5":8,"6":2,"7":6,"8":1,"9":5,"10":6,"11":6,"12":3,"13":3,"14":1,"15":2,"16":3,"17":1,"18":8},"f":{"0":8,"1":6,"2":3,"3":8},"b":{"0":[2],"1":[8,7],"2":[1],"3":[3],"4":[6,4],"5":[1],"6":[1]}}
}
